CRITICAL - 2023-01-13 06:43:44 --> get_class() expects parameter 1 to be object, string given
in SYSTEMPATH/RESTful/BaseResource.php on line 58.
 1 [internal function]: CodeIgniter\Debug\Exceptions->errorHandler()
 2 SYSTEMPATH/RESTful/BaseResource.php(58): get_class()
 3 SYSTEMPATH/RESTful/BaseResource.php(37): CodeIgniter\RESTful\BaseResource->setModel()
 4 SYSTEMPATH/CodeIgniter.php(888): CodeIgniter\RESTful\BaseResource->initController()
 5 SYSTEMPATH/CodeIgniter.php(471): CodeIgniter\CodeIgniter->createController()
 6 SYSTEMPATH/CodeIgniter.php(349): CodeIgniter\CodeIgniter->handleRequest()
 7 FCPATH/index.php(67): CodeIgniter\CodeIgniter->run()
CRITICAL - 2023-01-13 06:44:21 --> get_class() expects parameter 1 to be object, string given
in SYSTEMPATH/RESTful/BaseResource.php on line 58.
 1 [internal function]: CodeIgniter\Debug\Exceptions->errorHandler()
 2 SYSTEMPATH/RESTful/BaseResource.php(58): get_class()
 3 SYSTEMPATH/RESTful/BaseResource.php(37): CodeIgniter\RESTful\BaseResource->setModel()
 4 SYSTEMPATH/CodeIgniter.php(888): CodeIgniter\RESTful\BaseResource->initController()
 5 SYSTEMPATH/CodeIgniter.php(471): CodeIgniter\CodeIgniter->createController()
 6 SYSTEMPATH/CodeIgniter.php(349): CodeIgniter\CodeIgniter->handleRequest()
 7 FCPATH/index.php(67): CodeIgniter\CodeIgniter->run()
CRITICAL - 2023-01-13 06:44:53 --> get_class() expects parameter 1 to be object, string given
in SYSTEMPATH/RESTful/BaseResource.php on line 58.
 1 [internal function]: CodeIgniter\Debug\Exceptions->errorHandler()
 2 SYSTEMPATH/RESTful/BaseResource.php(58): get_class()
 3 SYSTEMPATH/RESTful/BaseResource.php(37): CodeIgniter\RESTful\BaseResource->setModel()
 4 SYSTEMPATH/CodeIgniter.php(888): CodeIgniter\RESTful\BaseResource->initController()
 5 SYSTEMPATH/CodeIgniter.php(471): CodeIgniter\CodeIgniter->createController()
 6 SYSTEMPATH/CodeIgniter.php(349): CodeIgniter\CodeIgniter->handleRequest()
 7 FCPATH/index.php(67): CodeIgniter\CodeIgniter->run()
CRITICAL - 2023-01-13 06:45:03 --> get_class() expects parameter 1 to be object, string given
in SYSTEMPATH/RESTful/BaseResource.php on line 58.
 1 [internal function]: CodeIgniter\Debug\Exceptions->errorHandler()
 2 SYSTEMPATH/RESTful/BaseResource.php(58): get_class()
 3 SYSTEMPATH/RESTful/BaseResource.php(37): CodeIgniter\RESTful\BaseResource->setModel()
 4 SYSTEMPATH/CodeIgniter.php(888): CodeIgniter\RESTful\BaseResource->initController()
 5 SYSTEMPATH/CodeIgniter.php(471): CodeIgniter\CodeIgniter->createController()
 6 SYSTEMPATH/CodeIgniter.php(349): CodeIgniter\CodeIgniter->handleRequest()
 7 FCPATH/index.php(67): CodeIgniter\CodeIgniter->run()
CRITICAL - 2023-01-13 06:45:17 --> get_class() expects parameter 1 to be object, string given
in SYSTEMPATH/RESTful/BaseResource.php on line 58.
 1 [internal function]: CodeIgniter\Debug\Exceptions->errorHandler()
 2 SYSTEMPATH/RESTful/BaseResource.php(58): get_class()
 3 SYSTEMPATH/RESTful/BaseResource.php(37): CodeIgniter\RESTful\BaseResource->setModel()
 4 SYSTEMPATH/CodeIgniter.php(888): CodeIgniter\RESTful\BaseResource->initController()
 5 SYSTEMPATH/CodeIgniter.php(471): CodeIgniter\CodeIgniter->createController()
 6 SYSTEMPATH/CodeIgniter.php(349): CodeIgniter\CodeIgniter->handleRequest()
 7 FCPATH/index.php(67): CodeIgniter\CodeIgniter->run()
CRITICAL - 2023-01-13 07:03:55 --> get_class() expects parameter 1 to be object, string given
in SYSTEMPATH/RESTful/BaseResource.php on line 58.
 1 [internal function]: CodeIgniter\Debug\Exceptions->errorHandler()
 2 SYSTEMPATH/RESTful/BaseResource.php(58): get_class()
 3 SYSTEMPATH/RESTful/BaseResource.php(37): CodeIgniter\RESTful\BaseResource->setModel()
 4 SYSTEMPATH/CodeIgniter.php(888): CodeIgniter\RESTful\BaseResource->initController()
 5 SYSTEMPATH/CodeIgniter.php(471): CodeIgniter\CodeIgniter->createController()
 6 SYSTEMPATH/CodeIgniter.php(349): CodeIgniter\CodeIgniter->handleRequest()
 7 FCPATH/index.php(67): CodeIgniter\CodeIgniter->run()
CRITICAL - 2023-01-13 07:04:05 --> get_class() expects parameter 1 to be object, string given
in SYSTEMPATH/RESTful/BaseResource.php on line 58.
 1 [internal function]: CodeIgniter\Debug\Exceptions->errorHandler()
 2 SYSTEMPATH/RESTful/BaseResource.php(58): get_class()
 3 SYSTEMPATH/RESTful/BaseResource.php(37): CodeIgniter\RESTful\BaseResource->setModel()
 4 SYSTEMPATH/CodeIgniter.php(888): CodeIgniter\RESTful\BaseResource->initController()
 5 SYSTEMPATH/CodeIgniter.php(471): CodeIgniter\CodeIgniter->createController()
 6 SYSTEMPATH/CodeIgniter.php(349): CodeIgniter\CodeIgniter->handleRequest()
 7 FCPATH/index.php(67): CodeIgniter\CodeIgniter->run()
CRITICAL - 2023-01-13 07:05:10 --> get_class() expects parameter 1 to be object, string given
in SYSTEMPATH/RESTful/BaseResource.php on line 58.
 1 [internal function]: CodeIgniter\Debug\Exceptions->errorHandler()
 2 SYSTEMPATH/RESTful/BaseResource.php(58): get_class()
 3 SYSTEMPATH/RESTful/BaseResource.php(37): CodeIgniter\RESTful\BaseResource->setModel()
 4 SYSTEMPATH/CodeIgniter.php(888): CodeIgniter\RESTful\BaseResource->initController()
 5 SYSTEMPATH/CodeIgniter.php(471): CodeIgniter\CodeIgniter->createController()
 6 SYSTEMPATH/CodeIgniter.php(349): CodeIgniter\CodeIgniter->handleRequest()
 7 FCPATH/index.php(67): CodeIgniter\CodeIgniter->run()
CRITICAL - 2023-01-13 07:09:50 --> get_class() expects parameter 1 to be object, string given
in SYSTEMPATH/RESTful/BaseResource.php on line 58.
 1 [internal function]: CodeIgniter\Debug\Exceptions->errorHandler()
 2 SYSTEMPATH/RESTful/BaseResource.php(58): get_class()
 3 SYSTEMPATH/RESTful/BaseResource.php(37): CodeIgniter\RESTful\BaseResource->setModel()
 4 SYSTEMPATH/CodeIgniter.php(888): CodeIgniter\RESTful\BaseResource->initController()
 5 SYSTEMPATH/CodeIgniter.php(471): CodeIgniter\CodeIgniter->createController()
 6 SYSTEMPATH/CodeIgniter.php(349): CodeIgniter\CodeIgniter->handleRequest()
 7 FCPATH/index.php(67): CodeIgniter\CodeIgniter->run()
CRITICAL - 2023-01-13 07:09:52 --> get_class() expects parameter 1 to be object, string given
in SYSTEMPATH/RESTful/BaseResource.php on line 58.
 1 [internal function]: CodeIgniter\Debug\Exceptions->errorHandler()
 2 SYSTEMPATH/RESTful/BaseResource.php(58): get_class()
 3 SYSTEMPATH/RESTful/BaseResource.php(37): CodeIgniter\RESTful\BaseResource->setModel()
 4 SYSTEMPATH/CodeIgniter.php(888): CodeIgniter\RESTful\BaseResource->initController()
 5 SYSTEMPATH/CodeIgniter.php(471): CodeIgniter\CodeIgniter->createController()
 6 SYSTEMPATH/CodeIgniter.php(349): CodeIgniter\CodeIgniter->handleRequest()
 7 FCPATH/index.php(67): CodeIgniter\CodeIgniter->run()
CRITICAL - 2023-01-13 07:09:52 --> get_class() expects parameter 1 to be object, string given
in SYSTEMPATH/RESTful/BaseResource.php on line 58.
 1 [internal function]: CodeIgniter\Debug\Exceptions->errorHandler()
 2 SYSTEMPATH/RESTful/BaseResource.php(58): get_class()
 3 SYSTEMPATH/RESTful/BaseResource.php(37): CodeIgniter\RESTful\BaseResource->setModel()
 4 SYSTEMPATH/CodeIgniter.php(888): CodeIgniter\RESTful\BaseResource->initController()
 5 SYSTEMPATH/CodeIgniter.php(471): CodeIgniter\CodeIgniter->createController()
 6 SYSTEMPATH/CodeIgniter.php(349): CodeIgniter\CodeIgniter->handleRequest()
 7 FCPATH/index.php(67): CodeIgniter\CodeIgniter->run()
CRITICAL - 2023-01-13 07:09:52 --> get_class() expects parameter 1 to be object, string given
in SYSTEMPATH/RESTful/BaseResource.php on line 58.
 1 [internal function]: CodeIgniter\Debug\Exceptions->errorHandler()
 2 SYSTEMPATH/RESTful/BaseResource.php(58): get_class()
 3 SYSTEMPATH/RESTful/BaseResource.php(37): CodeIgniter\RESTful\BaseResource->setModel()
 4 SYSTEMPATH/CodeIgniter.php(888): CodeIgniter\RESTful\BaseResource->initController()
 5 SYSTEMPATH/CodeIgniter.php(471): CodeIgniter\CodeIgniter->createController()
 6 SYSTEMPATH/CodeIgniter.php(349): CodeIgniter\CodeIgniter->handleRequest()
 7 FCPATH/index.php(67): CodeIgniter\CodeIgniter->run()
CRITICAL - 2023-01-13 07:09:53 --> get_class() expects parameter 1 to be object, string given
in SYSTEMPATH/RESTful/BaseResource.php on line 58.
 1 [internal function]: CodeIgniter\Debug\Exceptions->errorHandler()
 2 SYSTEMPATH/RESTful/BaseResource.php(58): get_class()
 3 SYSTEMPATH/RESTful/BaseResource.php(37): CodeIgniter\RESTful\BaseResource->setModel()
 4 SYSTEMPATH/CodeIgniter.php(888): CodeIgniter\RESTful\BaseResource->initController()
 5 SYSTEMPATH/CodeIgniter.php(471): CodeIgniter\CodeIgniter->createController()
 6 SYSTEMPATH/CodeIgniter.php(349): CodeIgniter\CodeIgniter->handleRequest()
 7 FCPATH/index.php(67): CodeIgniter\CodeIgniter->run()
CRITICAL - 2023-01-13 07:10:00 --> get_class() expects parameter 1 to be object, string given
in SYSTEMPATH/RESTful/BaseResource.php on line 58.
 1 [internal function]: CodeIgniter\Debug\Exceptions->errorHandler()
 2 SYSTEMPATH/RESTful/BaseResource.php(58): get_class()
 3 SYSTEMPATH/RESTful/BaseResource.php(37): CodeIgniter\RESTful\BaseResource->setModel()
 4 SYSTEMPATH/CodeIgniter.php(888): CodeIgniter\RESTful\BaseResource->initController()
 5 SYSTEMPATH/CodeIgniter.php(471): CodeIgniter\CodeIgniter->createController()
 6 SYSTEMPATH/CodeIgniter.php(349): CodeIgniter\CodeIgniter->handleRequest()
 7 FCPATH/index.php(67): CodeIgniter\CodeIgniter->run()
CRITICAL - 2023-01-13 07:10:14 --> get_class() expects parameter 1 to be object, string given
in SYSTEMPATH/RESTful/BaseResource.php on line 58.
 1 [internal function]: CodeIgniter\Debug\Exceptions->errorHandler()
 2 SYSTEMPATH/RESTful/BaseResource.php(58): get_class()
 3 SYSTEMPATH/RESTful/BaseResource.php(37): CodeIgniter\RESTful\BaseResource->setModel()
 4 SYSTEMPATH/CodeIgniter.php(888): CodeIgniter\RESTful\BaseResource->initController()
 5 SYSTEMPATH/CodeIgniter.php(471): CodeIgniter\CodeIgniter->createController()
 6 SYSTEMPATH/CodeIgniter.php(349): CodeIgniter\CodeIgniter->handleRequest()
 7 FCPATH/index.php(67): CodeIgniter\CodeIgniter->run()
CRITICAL - 2023-01-13 07:10:16 --> get_class() expects parameter 1 to be object, string given
in SYSTEMPATH/RESTful/BaseResource.php on line 58.
 1 [internal function]: CodeIgniter\Debug\Exceptions->errorHandler()
 2 SYSTEMPATH/RESTful/BaseResource.php(58): get_class()
 3 SYSTEMPATH/RESTful/BaseResource.php(37): CodeIgniter\RESTful\BaseResource->setModel()
 4 SYSTEMPATH/CodeIgniter.php(888): CodeIgniter\RESTful\BaseResource->initController()
 5 SYSTEMPATH/CodeIgniter.php(471): CodeIgniter\CodeIgniter->createController()
 6 SYSTEMPATH/CodeIgniter.php(349): CodeIgniter\CodeIgniter->handleRequest()
 7 FCPATH/index.php(67): CodeIgniter\CodeIgniter->run()
CRITICAL - 2023-01-13 07:10:28 --> Call to a member function insert() on null
in APPPATH/Controllers/ApiController.php on line 48.
 1 SYSTEMPATH/CodeIgniter.php(925): App\Controllers\ApiController->create()
 2 SYSTEMPATH/CodeIgniter.php(480): CodeIgniter\CodeIgniter->runController()
 3 SYSTEMPATH/CodeIgniter.php(349): CodeIgniter\CodeIgniter->handleRequest()
 4 FCPATH/index.php(67): CodeIgniter\CodeIgniter->run()
ERROR - 2023-01-13 07:11:05 --> mysqli_sql_exception: Column 'firstName' cannot be null in /var/www/html/LoanProject/system/Database/MySQLi/Connection.php:292
Stack trace:
#0 /var/www/html/LoanProject/system/Database/MySQLi/Connection.php(292): mysqli->query()
#1 /var/www/html/LoanProject/system/Database/BaseConnection.php(666): CodeIgniter\Database\MySQLi\Connection->execute()
#2 /var/www/html/LoanProject/system/Database/BaseConnection.php(593): CodeIgniter\Database\BaseConnection->simpleQuery()
#3 /var/www/html/LoanProject/system/Database/BaseBuilder.php(1916): CodeIgniter\Database\BaseConnection->query()
#4 /var/www/html/LoanProject/system/Model.php(303): CodeIgniter\Database\BaseBuilder->insert()
#5 /var/www/html/LoanProject/system/BaseModel.php(750): CodeIgniter\Model->doInsert()
#6 /var/www/html/LoanProject/system/Model.php(695): CodeIgniter\BaseModel->insert()
#7 /var/www/html/LoanProject/app/Controllers/ApiController.php(48): CodeIgniter\Model->insert()
#8 /var/www/html/LoanProject/system/CodeIgniter.php(925): App\Controllers\ApiController->create()
#9 /var/www/html/LoanProject/system/CodeIgniter.php(480): CodeIgniter\CodeIgniter->runController()
#10 /var/www/html/LoanProject/system/CodeIgniter.php(349): CodeIgniter\CodeIgniter->handleRequest()
#11 /var/www/html/LoanProject/index.php(67): CodeIgniter\CodeIgniter->run()
#12 {main}
ERROR - 2023-01-13 07:11:11 --> mysqli_sql_exception: Column 'firstName' cannot be null in /var/www/html/LoanProject/system/Database/MySQLi/Connection.php:292
Stack trace:
#0 /var/www/html/LoanProject/system/Database/MySQLi/Connection.php(292): mysqli->query()
#1 /var/www/html/LoanProject/system/Database/BaseConnection.php(666): CodeIgniter\Database\MySQLi\Connection->execute()
#2 /var/www/html/LoanProject/system/Database/BaseConnection.php(593): CodeIgniter\Database\BaseConnection->simpleQuery()
#3 /var/www/html/LoanProject/system/Database/BaseBuilder.php(1916): CodeIgniter\Database\BaseConnection->query()
#4 /var/www/html/LoanProject/system/Model.php(303): CodeIgniter\Database\BaseBuilder->insert()
#5 /var/www/html/LoanProject/system/BaseModel.php(750): CodeIgniter\Model->doInsert()
#6 /var/www/html/LoanProject/system/Model.php(695): CodeIgniter\BaseModel->insert()
#7 /var/www/html/LoanProject/app/Controllers/ApiController.php(48): CodeIgniter\Model->insert()
#8 /var/www/html/LoanProject/system/CodeIgniter.php(925): App\Controllers\ApiController->create()
#9 /var/www/html/LoanProject/system/CodeIgniter.php(480): CodeIgniter\CodeIgniter->runController()
#10 /var/www/html/LoanProject/system/CodeIgniter.php(349): CodeIgniter\CodeIgniter->handleRequest()
#11 /var/www/html/LoanProject/index.php(67): CodeIgniter\CodeIgniter->run()
#12 {main}
ERROR - 2023-01-13 07:11:11 --> mysqli_sql_exception: Column 'firstName' cannot be null in /var/www/html/LoanProject/system/Database/MySQLi/Connection.php:292
Stack trace:
#0 /var/www/html/LoanProject/system/Database/MySQLi/Connection.php(292): mysqli->query()
#1 /var/www/html/LoanProject/system/Database/BaseConnection.php(666): CodeIgniter\Database\MySQLi\Connection->execute()
#2 /var/www/html/LoanProject/system/Database/BaseConnection.php(593): CodeIgniter\Database\BaseConnection->simpleQuery()
#3 /var/www/html/LoanProject/system/Database/BaseBuilder.php(1916): CodeIgniter\Database\BaseConnection->query()
#4 /var/www/html/LoanProject/system/Model.php(303): CodeIgniter\Database\BaseBuilder->insert()
#5 /var/www/html/LoanProject/system/BaseModel.php(750): CodeIgniter\Model->doInsert()
#6 /var/www/html/LoanProject/system/Model.php(695): CodeIgniter\BaseModel->insert()
#7 /var/www/html/LoanProject/app/Controllers/ApiController.php(48): CodeIgniter\Model->insert()
#8 /var/www/html/LoanProject/system/CodeIgniter.php(925): App\Controllers\ApiController->create()
#9 /var/www/html/LoanProject/system/CodeIgniter.php(480): CodeIgniter\CodeIgniter->runController()
#10 /var/www/html/LoanProject/system/CodeIgniter.php(349): CodeIgniter\CodeIgniter->handleRequest()
#11 /var/www/html/LoanProject/index.php(67): CodeIgniter\CodeIgniter->run()
#12 {main}
ERROR - 2023-01-13 07:11:57 --> mysqli_sql_exception: Column 'firstName' cannot be null in /var/www/html/LoanProject/system/Database/MySQLi/Connection.php:292
Stack trace:
#0 /var/www/html/LoanProject/system/Database/MySQLi/Connection.php(292): mysqli->query()
#1 /var/www/html/LoanProject/system/Database/BaseConnection.php(666): CodeIgniter\Database\MySQLi\Connection->execute()
#2 /var/www/html/LoanProject/system/Database/BaseConnection.php(593): CodeIgniter\Database\BaseConnection->simpleQuery()
#3 /var/www/html/LoanProject/system/Database/BaseBuilder.php(1916): CodeIgniter\Database\BaseConnection->query()
#4 /var/www/html/LoanProject/system/Model.php(303): CodeIgniter\Database\BaseBuilder->insert()
#5 /var/www/html/LoanProject/system/BaseModel.php(750): CodeIgniter\Model->doInsert()
#6 /var/www/html/LoanProject/system/Model.php(695): CodeIgniter\BaseModel->insert()
#7 /var/www/html/LoanProject/app/Controllers/ApiController.php(48): CodeIgniter\Model->insert()
#8 /var/www/html/LoanProject/system/CodeIgniter.php(925): App\Controllers\ApiController->create()
#9 /var/www/html/LoanProject/system/CodeIgniter.php(480): CodeIgniter\CodeIgniter->runController()
#10 /var/www/html/LoanProject/system/CodeIgniter.php(349): CodeIgniter\CodeIgniter->handleRequest()
#11 /var/www/html/LoanProject/index.php(67): CodeIgniter\CodeIgniter->run()
#12 {main}
ERROR - 2023-01-13 07:35:37 --> mysqli_sql_exception: Column 'firstName' cannot be null in /var/www/html/LoanProject/system/Database/MySQLi/Connection.php:292
Stack trace:
#0 /var/www/html/LoanProject/system/Database/MySQLi/Connection.php(292): mysqli->query()
#1 /var/www/html/LoanProject/system/Database/BaseConnection.php(666): CodeIgniter\Database\MySQLi\Connection->execute()
#2 /var/www/html/LoanProject/system/Database/BaseConnection.php(593): CodeIgniter\Database\BaseConnection->simpleQuery()
#3 /var/www/html/LoanProject/system/Database/BaseBuilder.php(1916): CodeIgniter\Database\BaseConnection->query()
#4 /var/www/html/LoanProject/system/Model.php(303): CodeIgniter\Database\BaseBuilder->insert()
#5 /var/www/html/LoanProject/system/BaseModel.php(750): CodeIgniter\Model->doInsert()
#6 /var/www/html/LoanProject/system/Model.php(695): CodeIgniter\BaseModel->insert()
#7 /var/www/html/LoanProject/app/Controllers/ApiController.php(48): CodeIgniter\Model->insert()
#8 /var/www/html/LoanProject/system/CodeIgniter.php(925): App\Controllers\ApiController->create()
#9 /var/www/html/LoanProject/system/CodeIgniter.php(480): CodeIgniter\CodeIgniter->runController()
#10 /var/www/html/LoanProject/system/CodeIgniter.php(349): CodeIgniter\CodeIgniter->handleRequest()
#11 /var/www/html/LoanProject/index.php(67): CodeIgniter\CodeIgniter->run()
#12 {main}
ERROR - 2023-01-13 07:35:56 --> mysqli_sql_exception: Column 'firstName' cannot be null in /var/www/html/LoanProject/system/Database/MySQLi/Connection.php:292
Stack trace:
#0 /var/www/html/LoanProject/system/Database/MySQLi/Connection.php(292): mysqli->query()
#1 /var/www/html/LoanProject/system/Database/BaseConnection.php(666): CodeIgniter\Database\MySQLi\Connection->execute()
#2 /var/www/html/LoanProject/system/Database/BaseConnection.php(593): CodeIgniter\Database\BaseConnection->simpleQuery()
#3 /var/www/html/LoanProject/system/Database/BaseBuilder.php(1916): CodeIgniter\Database\BaseConnection->query()
#4 /var/www/html/LoanProject/system/Model.php(303): CodeIgniter\Database\BaseBuilder->insert()
#5 /var/www/html/LoanProject/system/BaseModel.php(750): CodeIgniter\Model->doInsert()
#6 /var/www/html/LoanProject/system/Model.php(695): CodeIgniter\BaseModel->insert()
#7 /var/www/html/LoanProject/app/Controllers/ApiController.php(48): CodeIgniter\Model->insert()
#8 /var/www/html/LoanProject/system/CodeIgniter.php(925): App\Controllers\ApiController->create()
#9 /var/www/html/LoanProject/system/CodeIgniter.php(480): CodeIgniter\CodeIgniter->runController()
#10 /var/www/html/LoanProject/system/CodeIgniter.php(349): CodeIgniter\CodeIgniter->handleRequest()
#11 /var/www/html/LoanProject/index.php(67): CodeIgniter\CodeIgniter->run()
#12 {main}
ERROR - 2023-01-13 07:36:19 --> mysqli_sql_exception: Column 'lastName' cannot be null in /var/www/html/LoanProject/system/Database/MySQLi/Connection.php:292
Stack trace:
#0 /var/www/html/LoanProject/system/Database/MySQLi/Connection.php(292): mysqli->query()
#1 /var/www/html/LoanProject/system/Database/BaseConnection.php(666): CodeIgniter\Database\MySQLi\Connection->execute()
#2 /var/www/html/LoanProject/system/Database/BaseConnection.php(593): CodeIgniter\Database\BaseConnection->simpleQuery()
#3 /var/www/html/LoanProject/system/Database/BaseBuilder.php(1916): CodeIgniter\Database\BaseConnection->query()
#4 /var/www/html/LoanProject/system/Model.php(303): CodeIgniter\Database\BaseBuilder->insert()
#5 /var/www/html/LoanProject/system/BaseModel.php(750): CodeIgniter\Model->doInsert()
#6 /var/www/html/LoanProject/system/Model.php(695): CodeIgniter\BaseModel->insert()
#7 /var/www/html/LoanProject/app/Controllers/ApiController.php(48): CodeIgniter\Model->insert()
#8 /var/www/html/LoanProject/system/CodeIgniter.php(925): App\Controllers\ApiController->create()
#9 /var/www/html/LoanProject/system/CodeIgniter.php(480): CodeIgniter\CodeIgniter->runController()
#10 /var/www/html/LoanProject/system/CodeIgniter.php(349): CodeIgniter\CodeIgniter->handleRequest()
#11 /var/www/html/LoanProject/index.php(67): CodeIgniter\CodeIgniter->run()
#12 {main}
ERROR - 2023-01-13 07:40:41 --> mysqli_sql_exception: Column 'lastName' cannot be null in /var/www/html/LoanProject/system/Database/MySQLi/Connection.php:292
Stack trace:
#0 /var/www/html/LoanProject/system/Database/MySQLi/Connection.php(292): mysqli->query()
#1 /var/www/html/LoanProject/system/Database/BaseConnection.php(666): CodeIgniter\Database\MySQLi\Connection->execute()
#2 /var/www/html/LoanProject/system/Database/BaseConnection.php(593): CodeIgniter\Database\BaseConnection->simpleQuery()
#3 /var/www/html/LoanProject/system/Database/BaseBuilder.php(1916): CodeIgniter\Database\BaseConnection->query()
#4 /var/www/html/LoanProject/system/Model.php(303): CodeIgniter\Database\BaseBuilder->insert()
#5 /var/www/html/LoanProject/system/BaseModel.php(750): CodeIgniter\Model->doInsert()
#6 /var/www/html/LoanProject/system/Model.php(695): CodeIgniter\BaseModel->insert()
#7 /var/www/html/LoanProject/app/Controllers/ApiController.php(48): CodeIgniter\Model->insert()
#8 /var/www/html/LoanProject/system/CodeIgniter.php(925): App\Controllers\ApiController->create()
#9 /var/www/html/LoanProject/system/CodeIgniter.php(480): CodeIgniter\CodeIgniter->runController()
#10 /var/www/html/LoanProject/system/CodeIgniter.php(349): CodeIgniter\CodeIgniter->handleRequest()
#11 /var/www/html/LoanProject/index.php(67): CodeIgniter\CodeIgniter->run()
#12 {main}
ERROR - 2023-01-13 07:40:58 --> mysqli_sql_exception: Column 'email' cannot be null in /var/www/html/LoanProject/system/Database/MySQLi/Connection.php:292
Stack trace:
#0 /var/www/html/LoanProject/system/Database/MySQLi/Connection.php(292): mysqli->query()
#1 /var/www/html/LoanProject/system/Database/BaseConnection.php(666): CodeIgniter\Database\MySQLi\Connection->execute()
#2 /var/www/html/LoanProject/system/Database/BaseConnection.php(593): CodeIgniter\Database\BaseConnection->simpleQuery()
#3 /var/www/html/LoanProject/system/Database/BaseBuilder.php(1916): CodeIgniter\Database\BaseConnection->query()
#4 /var/www/html/LoanProject/system/Model.php(303): CodeIgniter\Database\BaseBuilder->insert()
#5 /var/www/html/LoanProject/system/BaseModel.php(750): CodeIgniter\Model->doInsert()
#6 /var/www/html/LoanProject/system/Model.php(695): CodeIgniter\BaseModel->insert()
#7 /var/www/html/LoanProject/app/Controllers/ApiController.php(48): CodeIgniter\Model->insert()
#8 /var/www/html/LoanProject/system/CodeIgniter.php(925): App\Controllers\ApiController->create()
#9 /var/www/html/LoanProject/system/CodeIgniter.php(480): CodeIgniter\CodeIgniter->runController()
#10 /var/www/html/LoanProject/system/CodeIgniter.php(349): CodeIgniter\CodeIgniter->handleRequest()
#11 /var/www/html/LoanProject/index.php(67): CodeIgniter\CodeIgniter->run()
#12 {main}
ERROR - 2023-01-13 07:41:25 --> mysqli_sql_exception: Duplicate entry '8840913740' for key 'users.mobile' in /var/www/html/LoanProject/system/Database/MySQLi/Connection.php:292
Stack trace:
#0 /var/www/html/LoanProject/system/Database/MySQLi/Connection.php(292): mysqli->query()
#1 /var/www/html/LoanProject/system/Database/BaseConnection.php(666): CodeIgniter\Database\MySQLi\Connection->execute()
#2 /var/www/html/LoanProject/system/Database/BaseConnection.php(593): CodeIgniter\Database\BaseConnection->simpleQuery()
#3 /var/www/html/LoanProject/system/Database/BaseBuilder.php(1916): CodeIgniter\Database\BaseConnection->query()
#4 /var/www/html/LoanProject/system/Model.php(303): CodeIgniter\Database\BaseBuilder->insert()
#5 /var/www/html/LoanProject/system/BaseModel.php(750): CodeIgniter\Model->doInsert()
#6 /var/www/html/LoanProject/system/Model.php(695): CodeIgniter\BaseModel->insert()
#7 /var/www/html/LoanProject/app/Controllers/ApiController.php(48): CodeIgniter\Model->insert()
#8 /var/www/html/LoanProject/system/CodeIgniter.php(925): App\Controllers\ApiController->create()
#9 /var/www/html/LoanProject/system/CodeIgniter.php(480): CodeIgniter\CodeIgniter->runController()
#10 /var/www/html/LoanProject/system/CodeIgniter.php(349): CodeIgniter\CodeIgniter->handleRequest()
#11 /var/www/html/LoanProject/index.php(67): CodeIgniter\CodeIgniter->run()
#12 {main}
