CRITICAL - 2023-01-16 00:03:34 --> Call to a member function getWhere() on null
in APPPATH/Controllers/ApiController.php on line 73.
 1 SYSTEMPATH/CodeIgniter.php(925): App\Controllers\ApiController->login()
 2 SYSTEMPATH/CodeIgniter.php(480): CodeIgniter\CodeIgniter->runController()
 3 SYSTEMPATH/CodeIgniter.php(349): CodeIgniter\CodeIgniter->handleRequest()
 4 FCPATH/index.php(67): CodeIgniter\CodeIgniter->run()
CRITICAL - 2023-01-16 00:03:59 --> Call to a member function getWhere() on null
in APPPATH/Controllers/ApiController.php on line 73.
 1 SYSTEMPATH/CodeIgniter.php(925): App\Controllers\ApiController->login()
 2 SYSTEMPATH/CodeIgniter.php(480): CodeIgniter\CodeIgniter->runController()
 3 SYSTEMPATH/CodeIgniter.php(349): CodeIgniter\CodeIgniter->handleRequest()
 4 FCPATH/index.php(67): CodeIgniter\CodeIgniter->run()
CRITICAL - 2023-01-16 00:04:17 --> Call to a member function getWhere() on null
in APPPATH/Controllers/ApiController.php on line 73.
 1 SYSTEMPATH/CodeIgniter.php(925): App\Controllers\ApiController->login()
 2 SYSTEMPATH/CodeIgniter.php(480): CodeIgniter\CodeIgniter->runController()
 3 SYSTEMPATH/CodeIgniter.php(349): CodeIgniter\CodeIgniter->handleRequest()
 4 FCPATH/index.php(67): CodeIgniter\CodeIgniter->run()
CRITICAL - 2023-01-16 00:04:49 --> Call to a member function getWhere() on null
in APPPATH/Controllers/ApiController.php on line 73.
 1 SYSTEMPATH/CodeIgniter.php(925): App\Controllers\ApiController->login()
 2 SYSTEMPATH/CodeIgniter.php(480): CodeIgniter\CodeIgniter->runController()
 3 SYSTEMPATH/CodeIgniter.php(349): CodeIgniter\CodeIgniter->handleRequest()
 4 FCPATH/index.php(67): CodeIgniter\CodeIgniter->run()
CRITICAL - 2023-01-16 00:08:40 --> Call to a member function getWhere() on null
in APPPATH/Controllers/ApiController.php on line 73.
 1 SYSTEMPATH/CodeIgniter.php(925): App\Controllers\ApiController->login()
 2 SYSTEMPATH/CodeIgniter.php(480): CodeIgniter\CodeIgniter->runController()
 3 SYSTEMPATH/CodeIgniter.php(349): CodeIgniter\CodeIgniter->handleRequest()
 4 FCPATH/index.php(67): CodeIgniter\CodeIgniter->run()
CRITICAL - 2023-01-16 00:09:07 --> Call to a member function getWhere() on null
in APPPATH/Controllers/ApiController.php on line 73.
 1 SYSTEMPATH/CodeIgniter.php(925): App\Controllers\ApiController->login()
 2 SYSTEMPATH/CodeIgniter.php(480): CodeIgniter\CodeIgniter->runController()
 3 SYSTEMPATH/CodeIgniter.php(349): CodeIgniter\CodeIgniter->handleRequest()
 4 FCPATH/index.php(67): CodeIgniter\CodeIgniter->run()
CRITICAL - 2023-01-16 00:09:35 --> Call to a member function getWhere() on null
in APPPATH/Controllers/ApiController.php on line 73.
 1 SYSTEMPATH/CodeIgniter.php(925): App\Controllers\ApiController->login()
 2 SYSTEMPATH/CodeIgniter.php(480): CodeIgniter\CodeIgniter->runController()
 3 SYSTEMPATH/CodeIgniter.php(349): CodeIgniter\CodeIgniter->handleRequest()
 4 FCPATH/index.php(67): CodeIgniter\CodeIgniter->run()
CRITICAL - 2023-01-16 00:11:42 --> Call to a member function getWhere() on null
in APPPATH/Controllers/ApiController.php on line 73.
 1 SYSTEMPATH/CodeIgniter.php(925): App\Controllers\ApiController->login()
 2 SYSTEMPATH/CodeIgniter.php(480): CodeIgniter\CodeIgniter->runController()
 3 SYSTEMPATH/CodeIgniter.php(349): CodeIgniter\CodeIgniter->handleRequest()
 4 FCPATH/index.php(67): CodeIgniter\CodeIgniter->run()
CRITICAL - 2023-01-16 00:12:11 --> Use of undefined constant hello - assumed 'hello' (this will throw an Error in a future version of PHP)
in APPPATH/Controllers/ApiController.php on line 65.
 1 APPPATH/Controllers/ApiController.php(65): CodeIgniter\Debug\Exceptions->errorHandler()
 2 SYSTEMPATH/CodeIgniter.php(925): App\Controllers\ApiController->login()
 3 SYSTEMPATH/CodeIgniter.php(480): CodeIgniter\CodeIgniter->runController()
 4 SYSTEMPATH/CodeIgniter.php(349): CodeIgniter\CodeIgniter->handleRequest()
 5 FCPATH/index.php(67): CodeIgniter\CodeIgniter->run()
CRITICAL - 2023-01-16 00:12:24 --> Call to a member function getWhere() on null
in APPPATH/Controllers/ApiController.php on line 73.
 1 SYSTEMPATH/CodeIgniter.php(925): App\Controllers\ApiController->login()
 2 SYSTEMPATH/CodeIgniter.php(480): CodeIgniter\CodeIgniter->runController()
 3 SYSTEMPATH/CodeIgniter.php(349): CodeIgniter\CodeIgniter->handleRequest()
 4 FCPATH/index.php(67): CodeIgniter\CodeIgniter->run()
CRITICAL - 2023-01-16 00:12:57 --> Call to a member function getWhere() on null
in APPPATH/Controllers/ApiController.php on line 73.
 1 SYSTEMPATH/CodeIgniter.php(925): App\Controllers\ApiController->login()
 2 SYSTEMPATH/CodeIgniter.php(480): CodeIgniter\CodeIgniter->runController()
 3 SYSTEMPATH/CodeIgniter.php(349): CodeIgniter\CodeIgniter->handleRequest()
 4 FCPATH/index.php(67): CodeIgniter\CodeIgniter->run()
CRITICAL - 2023-01-16 00:16:53 --> Call to a member function getWhere() on null
in APPPATH/Controllers/ApiController.php on line 74.
 1 SYSTEMPATH/CodeIgniter.php(925): App\Controllers\ApiController->login()
 2 SYSTEMPATH/CodeIgniter.php(480): CodeIgniter\CodeIgniter->runController()
 3 SYSTEMPATH/CodeIgniter.php(349): CodeIgniter\CodeIgniter->handleRequest()
 4 FCPATH/index.php(67): CodeIgniter\CodeIgniter->run()
CRITICAL - 2023-01-16 00:17:34 --> Call to a member function getWhere() on null
in APPPATH/Controllers/ApiController.php on line 74.
 1 SYSTEMPATH/CodeIgniter.php(925): App\Controllers\ApiController->login()
 2 SYSTEMPATH/CodeIgniter.php(480): CodeIgniter\CodeIgniter->runController()
 3 SYSTEMPATH/CodeIgniter.php(349): CodeIgniter\CodeIgniter->handleRequest()
 4 FCPATH/index.php(67): CodeIgniter\CodeIgniter->run()
CRITICAL - 2023-01-16 00:18:28 --> Call to a member function getWhere() on null
in APPPATH/Controllers/ApiController.php on line 74.
 1 SYSTEMPATH/CodeIgniter.php(925): App\Controllers\ApiController->login()
 2 SYSTEMPATH/CodeIgniter.php(480): CodeIgniter\CodeIgniter->runController()
 3 SYSTEMPATH/CodeIgniter.php(349): CodeIgniter\CodeIgniter->handleRequest()
 4 FCPATH/index.php(67): CodeIgniter\CodeIgniter->run()
CRITICAL - 2023-01-16 00:18:40 --> Call to a member function getWhere() on null
in APPPATH/Controllers/ApiController.php on line 74.
 1 SYSTEMPATH/CodeIgniter.php(925): App\Controllers\ApiController->login()
 2 SYSTEMPATH/CodeIgniter.php(480): CodeIgniter\CodeIgniter->runController()
 3 SYSTEMPATH/CodeIgniter.php(349): CodeIgniter\CodeIgniter->handleRequest()
 4 FCPATH/index.php(67): CodeIgniter\CodeIgniter->run()
ERROR - 2023-01-16 05:35:52 --> mysqli_sql_exception: Column 'firstName' cannot be null in /var/www/html/LoanProject/system/Database/MySQLi/Connection.php:292
Stack trace:
#0 /var/www/html/LoanProject/system/Database/MySQLi/Connection.php(292): mysqli->query()
#1 /var/www/html/LoanProject/system/Database/BaseConnection.php(666): CodeIgniter\Database\MySQLi\Connection->execute()
#2 /var/www/html/LoanProject/system/Database/BaseConnection.php(593): CodeIgniter\Database\BaseConnection->simpleQuery()
#3 /var/www/html/LoanProject/system/Database/BaseBuilder.php(1916): CodeIgniter\Database\BaseConnection->query()
#4 /var/www/html/LoanProject/system/Model.php(303): CodeIgniter\Database\BaseBuilder->insert()
#5 /var/www/html/LoanProject/system/BaseModel.php(750): CodeIgniter\Model->doInsert()
#6 /var/www/html/LoanProject/system/Model.php(695): CodeIgniter\BaseModel->insert()
#7 /var/www/html/LoanProject/app/Controllers/ApiController.php(36): CodeIgniter\Model->insert()
#8 /var/www/html/LoanProject/system/CodeIgniter.php(925): App\Controllers\ApiController->create()
#9 /var/www/html/LoanProject/system/CodeIgniter.php(480): CodeIgniter\CodeIgniter->runController()
#10 /var/www/html/LoanProject/system/CodeIgniter.php(349): CodeIgniter\CodeIgniter->handleRequest()
#11 /var/www/html/LoanProject/index.php(67): CodeIgniter\CodeIgniter->run()
#12 {main}
ERROR - 2023-01-16 05:57:43 --> mysqli_sql_exception: Column 'firstName' cannot be null in /var/www/html/LoanProject/system/Database/MySQLi/Connection.php:292
Stack trace:
#0 /var/www/html/LoanProject/system/Database/MySQLi/Connection.php(292): mysqli->query()
#1 /var/www/html/LoanProject/system/Database/BaseConnection.php(666): CodeIgniter\Database\MySQLi\Connection->execute()
#2 /var/www/html/LoanProject/system/Database/BaseConnection.php(593): CodeIgniter\Database\BaseConnection->simpleQuery()
#3 /var/www/html/LoanProject/system/Database/BaseBuilder.php(1916): CodeIgniter\Database\BaseConnection->query()
#4 /var/www/html/LoanProject/system/Model.php(303): CodeIgniter\Database\BaseBuilder->insert()
#5 /var/www/html/LoanProject/system/BaseModel.php(750): CodeIgniter\Model->doInsert()
#6 /var/www/html/LoanProject/system/Model.php(695): CodeIgniter\BaseModel->insert()
#7 /var/www/html/LoanProject/app/Controllers/ApiController.php(36): CodeIgniter\Model->insert()
#8 /var/www/html/LoanProject/system/CodeIgniter.php(925): App\Controllers\ApiController->create()
#9 /var/www/html/LoanProject/system/CodeIgniter.php(480): CodeIgniter\CodeIgniter->runController()
#10 /var/www/html/LoanProject/system/CodeIgniter.php(349): CodeIgniter\CodeIgniter->handleRequest()
#11 /var/www/html/LoanProject/index.php(67): CodeIgniter\CodeIgniter->run()
#12 {main}
ERROR - 2023-01-16 05:57:44 --> mysqli_sql_exception: Duplicate entry 'sachin@gmail.com' for key 'users.email' in /var/www/html/LoanProject/system/Database/MySQLi/Connection.php:292
Stack trace:
#0 /var/www/html/LoanProject/system/Database/MySQLi/Connection.php(292): mysqli->query()
#1 /var/www/html/LoanProject/system/Database/BaseConnection.php(666): CodeIgniter\Database\MySQLi\Connection->execute()
#2 /var/www/html/LoanProject/system/Database/BaseConnection.php(593): CodeIgniter\Database\BaseConnection->simpleQuery()
#3 /var/www/html/LoanProject/system/Database/BaseBuilder.php(1916): CodeIgniter\Database\BaseConnection->query()
#4 /var/www/html/LoanProject/system/Model.php(303): CodeIgniter\Database\BaseBuilder->insert()
#5 /var/www/html/LoanProject/system/BaseModel.php(750): CodeIgniter\Model->doInsert()
#6 /var/www/html/LoanProject/system/Model.php(695): CodeIgniter\BaseModel->insert()
#7 /var/www/html/LoanProject/app/Controllers/ApiController.php(36): CodeIgniter\Model->insert()
#8 /var/www/html/LoanProject/system/CodeIgniter.php(925): App\Controllers\ApiController->create()
#9 /var/www/html/LoanProject/system/CodeIgniter.php(480): CodeIgniter\CodeIgniter->runController()
#10 /var/www/html/LoanProject/system/CodeIgniter.php(349): CodeIgniter\CodeIgniter->handleRequest()
#11 /var/www/html/LoanProject/index.php(67): CodeIgniter\CodeIgniter->run()
#12 {main}
