ERROR - 2023-01-15 22:32:08 --> mysqli_sql_exception: Duplicate entry 's@gmail.com' for key 'users.email' in /var/www/html/LoanProject/system/Database/MySQLi/Connection.php:292
Stack trace:
#0 /var/www/html/LoanProject/system/Database/MySQLi/Connection.php(292): mysqli->query()
#1 /var/www/html/LoanProject/system/Database/BaseConnection.php(666): CodeIgniter\Database\MySQLi\Connection->execute()
#2 /var/www/html/LoanProject/system/Database/BaseConnection.php(593): CodeIgniter\Database\BaseConnection->simpleQuery()
#3 /var/www/html/LoanProject/system/Database/BaseBuilder.php(1916): CodeIgniter\Database\BaseConnection->query()
#4 /var/www/html/LoanProject/system/Model.php(303): CodeIgniter\Database\BaseBuilder->insert()
#5 /var/www/html/LoanProject/system/BaseModel.php(750): CodeIgniter\Model->doInsert()
#6 /var/www/html/LoanProject/system/Model.php(695): CodeIgniter\BaseModel->insert()
#7 /var/www/html/LoanProject/app/Controllers/ApiController.php(48): CodeIgniter\Model->insert()
#8 /var/www/html/LoanProject/system/CodeIgniter.php(925): App\Controllers\ApiController->create()
#9 /var/www/html/LoanProject/system/CodeIgniter.php(480): CodeIgniter\CodeIgniter->runController()
#10 /var/www/html/LoanProject/system/CodeIgniter.php(349): CodeIgniter\CodeIgniter->handleRequest()
#11 /var/www/html/LoanProject/index.php(67): CodeIgniter\CodeIgniter->run()
#12 {main}
ERROR - 2023-01-15 22:33:21 --> mysqli_sql_exception: Duplicate entry 'mustafa@gmail.com' for key 'users.email' in /var/www/html/LoanProject/system/Database/MySQLi/Connection.php:292
Stack trace:
#0 /var/www/html/LoanProject/system/Database/MySQLi/Connection.php(292): mysqli->query()
#1 /var/www/html/LoanProject/system/Database/BaseConnection.php(666): CodeIgniter\Database\MySQLi\Connection->execute()
#2 /var/www/html/LoanProject/system/Database/BaseConnection.php(593): CodeIgniter\Database\BaseConnection->simpleQuery()
#3 /var/www/html/LoanProject/system/Database/BaseBuilder.php(1916): CodeIgniter\Database\BaseConnection->query()
#4 /var/www/html/LoanProject/system/Model.php(303): CodeIgniter\Database\BaseBuilder->insert()
#5 /var/www/html/LoanProject/system/BaseModel.php(750): CodeIgniter\Model->doInsert()
#6 /var/www/html/LoanProject/system/Model.php(695): CodeIgniter\BaseModel->insert()
#7 /var/www/html/LoanProject/app/Controllers/ApiController.php(48): CodeIgniter\Model->insert()
#8 /var/www/html/LoanProject/system/CodeIgniter.php(925): App\Controllers\ApiController->create()
#9 /var/www/html/LoanProject/system/CodeIgniter.php(480): CodeIgniter\CodeIgniter->runController()
#10 /var/www/html/LoanProject/system/CodeIgniter.php(349): CodeIgniter\CodeIgniter->handleRequest()
#11 /var/www/html/LoanProject/index.php(67): CodeIgniter\CodeIgniter->run()
#12 {main}
ERROR - 2023-01-15 23:41:07 --> mysqli_sql_exception: Duplicate entry 'mustafa@gmail.com' for key 'users.email' in /var/www/html/LoanProject/system/Database/MySQLi/Connection.php:292
Stack trace:
#0 /var/www/html/LoanProject/system/Database/MySQLi/Connection.php(292): mysqli->query()
#1 /var/www/html/LoanProject/system/Database/BaseConnection.php(666): CodeIgniter\Database\MySQLi\Connection->execute()
#2 /var/www/html/LoanProject/system/Database/BaseConnection.php(593): CodeIgniter\Database\BaseConnection->simpleQuery()
#3 /var/www/html/LoanProject/system/Database/BaseBuilder.php(1916): CodeIgniter\Database\BaseConnection->query()
#4 /var/www/html/LoanProject/system/Model.php(303): CodeIgniter\Database\BaseBuilder->insert()
#5 /var/www/html/LoanProject/system/BaseModel.php(750): CodeIgniter\Model->doInsert()
#6 /var/www/html/LoanProject/system/Model.php(695): CodeIgniter\BaseModel->insert()
#7 /var/www/html/LoanProject/app/Controllers/ApiController.php(36): CodeIgniter\Model->insert()
#8 /var/www/html/LoanProject/system/CodeIgniter.php(925): App\Controllers\ApiController->create()
#9 /var/www/html/LoanProject/system/CodeIgniter.php(480): CodeIgniter\CodeIgniter->runController()
#10 /var/www/html/LoanProject/system/CodeIgniter.php(349): CodeIgniter\CodeIgniter->handleRequest()
#11 /var/www/html/LoanProject/index.php(67): CodeIgniter\CodeIgniter->run()
#12 {main}
ERROR - 2023-01-15 23:45:13 --> mysqli_sql_exception: Duplicate entry 'mustafa@gmail.com' for key 'users.email' in /var/www/html/LoanProject/system/Database/MySQLi/Connection.php:292
Stack trace:
#0 /var/www/html/LoanProject/system/Database/MySQLi/Connection.php(292): mysqli->query()
#1 /var/www/html/LoanProject/system/Database/BaseConnection.php(666): CodeIgniter\Database\MySQLi\Connection->execute()
#2 /var/www/html/LoanProject/system/Database/BaseConnection.php(593): CodeIgniter\Database\BaseConnection->simpleQuery()
#3 /var/www/html/LoanProject/system/Database/BaseBuilder.php(1916): CodeIgniter\Database\BaseConnection->query()
#4 /var/www/html/LoanProject/system/Model.php(303): CodeIgniter\Database\BaseBuilder->insert()
#5 /var/www/html/LoanProject/system/BaseModel.php(750): CodeIgniter\Model->doInsert()
#6 /var/www/html/LoanProject/system/Model.php(695): CodeIgniter\BaseModel->insert()
#7 /var/www/html/LoanProject/app/Controllers/ApiController.php(36): CodeIgniter\Model->insert()
#8 /var/www/html/LoanProject/system/CodeIgniter.php(925): App\Controllers\ApiController->create()
#9 /var/www/html/LoanProject/system/CodeIgniter.php(480): CodeIgniter\CodeIgniter->runController()
#10 /var/www/html/LoanProject/system/CodeIgniter.php(349): CodeIgniter\CodeIgniter->handleRequest()
#11 /var/www/html/LoanProject/index.php(67): CodeIgniter\CodeIgniter->run()
#12 {main}
ERROR - 2023-01-15 23:48:00 --> mysqli_sql_exception: Column 'firstName' cannot be null in /var/www/html/LoanProject/system/Database/MySQLi/Connection.php:292
Stack trace:
#0 /var/www/html/LoanProject/system/Database/MySQLi/Connection.php(292): mysqli->query()
#1 /var/www/html/LoanProject/system/Database/BaseConnection.php(666): CodeIgniter\Database\MySQLi\Connection->execute()
#2 /var/www/html/LoanProject/system/Database/BaseConnection.php(593): CodeIgniter\Database\BaseConnection->simpleQuery()
#3 /var/www/html/LoanProject/system/Database/BaseBuilder.php(1916): CodeIgniter\Database\BaseConnection->query()
#4 /var/www/html/LoanProject/system/Model.php(303): CodeIgniter\Database\BaseBuilder->insert()
#5 /var/www/html/LoanProject/system/BaseModel.php(750): CodeIgniter\Model->doInsert()
#6 /var/www/html/LoanProject/system/Model.php(695): CodeIgniter\BaseModel->insert()
#7 /var/www/html/LoanProject/app/Controllers/ApiController.php(36): CodeIgniter\Model->insert()
#8 /var/www/html/LoanProject/system/CodeIgniter.php(925): App\Controllers\ApiController->create()
#9 /var/www/html/LoanProject/system/CodeIgniter.php(480): CodeIgniter\CodeIgniter->runController()
#10 /var/www/html/LoanProject/system/CodeIgniter.php(349): CodeIgniter\CodeIgniter->handleRequest()
#11 /var/www/html/LoanProject/index.php(67): CodeIgniter\CodeIgniter->run()
#12 {main}
ERROR - 2023-01-15 23:48:00 --> mysqli_sql_exception: Duplicate entry 'sachin@gmail.com' for key 'users.email' in /var/www/html/LoanProject/system/Database/MySQLi/Connection.php:292
Stack trace:
#0 /var/www/html/LoanProject/system/Database/MySQLi/Connection.php(292): mysqli->query()
#1 /var/www/html/LoanProject/system/Database/BaseConnection.php(666): CodeIgniter\Database\MySQLi\Connection->execute()
#2 /var/www/html/LoanProject/system/Database/BaseConnection.php(593): CodeIgniter\Database\BaseConnection->simpleQuery()
#3 /var/www/html/LoanProject/system/Database/BaseBuilder.php(1916): CodeIgniter\Database\BaseConnection->query()
#4 /var/www/html/LoanProject/system/Model.php(303): CodeIgniter\Database\BaseBuilder->insert()
#5 /var/www/html/LoanProject/system/BaseModel.php(750): CodeIgniter\Model->doInsert()
#6 /var/www/html/LoanProject/system/Model.php(695): CodeIgniter\BaseModel->insert()
#7 /var/www/html/LoanProject/app/Controllers/ApiController.php(36): CodeIgniter\Model->insert()
#8 /var/www/html/LoanProject/system/CodeIgniter.php(925): App\Controllers\ApiController->create()
#9 /var/www/html/LoanProject/system/CodeIgniter.php(480): CodeIgniter\CodeIgniter->runController()
#10 /var/www/html/LoanProject/system/CodeIgniter.php(349): CodeIgniter\CodeIgniter->handleRequest()
#11 /var/www/html/LoanProject/index.php(67): CodeIgniter\CodeIgniter->run()
#12 {main}
ERROR - 2023-01-15 23:48:49 --> mysqli_sql_exception: Column 'firstName' cannot be null in /var/www/html/LoanProject/system/Database/MySQLi/Connection.php:292
Stack trace:
#0 /var/www/html/LoanProject/system/Database/MySQLi/Connection.php(292): mysqli->query()
#1 /var/www/html/LoanProject/system/Database/BaseConnection.php(666): CodeIgniter\Database\MySQLi\Connection->execute()
#2 /var/www/html/LoanProject/system/Database/BaseConnection.php(593): CodeIgniter\Database\BaseConnection->simpleQuery()
#3 /var/www/html/LoanProject/system/Database/BaseBuilder.php(1916): CodeIgniter\Database\BaseConnection->query()
#4 /var/www/html/LoanProject/system/Model.php(303): CodeIgniter\Database\BaseBuilder->insert()
#5 /var/www/html/LoanProject/system/BaseModel.php(750): CodeIgniter\Model->doInsert()
#6 /var/www/html/LoanProject/system/Model.php(695): CodeIgniter\BaseModel->insert()
#7 /var/www/html/LoanProject/app/Controllers/ApiController.php(36): CodeIgniter\Model->insert()
#8 /var/www/html/LoanProject/system/CodeIgniter.php(925): App\Controllers\ApiController->create()
#9 /var/www/html/LoanProject/system/CodeIgniter.php(480): CodeIgniter\CodeIgniter->runController()
#10 /var/www/html/LoanProject/system/CodeIgniter.php(349): CodeIgniter\CodeIgniter->handleRequest()
#11 /var/www/html/LoanProject/index.php(67): CodeIgniter\CodeIgniter->run()
#12 {main}
ERROR - 2023-01-15 23:48:49 --> mysqli_sql_exception: Duplicate entry 'sachin@gmail.com' for key 'users.email' in /var/www/html/LoanProject/system/Database/MySQLi/Connection.php:292
Stack trace:
#0 /var/www/html/LoanProject/system/Database/MySQLi/Connection.php(292): mysqli->query()
#1 /var/www/html/LoanProject/system/Database/BaseConnection.php(666): CodeIgniter\Database\MySQLi\Connection->execute()
#2 /var/www/html/LoanProject/system/Database/BaseConnection.php(593): CodeIgniter\Database\BaseConnection->simpleQuery()
#3 /var/www/html/LoanProject/system/Database/BaseBuilder.php(1916): CodeIgniter\Database\BaseConnection->query()
#4 /var/www/html/LoanProject/system/Model.php(303): CodeIgniter\Database\BaseBuilder->insert()
#5 /var/www/html/LoanProject/system/BaseModel.php(750): CodeIgniter\Model->doInsert()
#6 /var/www/html/LoanProject/system/Model.php(695): CodeIgniter\BaseModel->insert()
#7 /var/www/html/LoanProject/app/Controllers/ApiController.php(36): CodeIgniter\Model->insert()
#8 /var/www/html/LoanProject/system/CodeIgniter.php(925): App\Controllers\ApiController->create()
#9 /var/www/html/LoanProject/system/CodeIgniter.php(480): CodeIgniter\CodeIgniter->runController()
#10 /var/www/html/LoanProject/system/CodeIgniter.php(349): CodeIgniter\CodeIgniter->handleRequest()
#11 /var/www/html/LoanProject/index.php(67): CodeIgniter\CodeIgniter->run()
#12 {main}
ERROR - 2023-01-15 23:49:24 --> mysqli_sql_exception: Column 'firstName' cannot be null in /var/www/html/LoanProject/system/Database/MySQLi/Connection.php:292
Stack trace:
#0 /var/www/html/LoanProject/system/Database/MySQLi/Connection.php(292): mysqli->query()
#1 /var/www/html/LoanProject/system/Database/BaseConnection.php(666): CodeIgniter\Database\MySQLi\Connection->execute()
#2 /var/www/html/LoanProject/system/Database/BaseConnection.php(593): CodeIgniter\Database\BaseConnection->simpleQuery()
#3 /var/www/html/LoanProject/system/Database/BaseBuilder.php(1916): CodeIgniter\Database\BaseConnection->query()
#4 /var/www/html/LoanProject/system/Model.php(303): CodeIgniter\Database\BaseBuilder->insert()
#5 /var/www/html/LoanProject/system/BaseModel.php(750): CodeIgniter\Model->doInsert()
#6 /var/www/html/LoanProject/system/Model.php(695): CodeIgniter\BaseModel->insert()
#7 /var/www/html/LoanProject/app/Controllers/ApiController.php(36): CodeIgniter\Model->insert()
#8 /var/www/html/LoanProject/system/CodeIgniter.php(925): App\Controllers\ApiController->create()
#9 /var/www/html/LoanProject/system/CodeIgniter.php(480): CodeIgniter\CodeIgniter->runController()
#10 /var/www/html/LoanProject/system/CodeIgniter.php(349): CodeIgniter\CodeIgniter->handleRequest()
#11 /var/www/html/LoanProject/index.php(67): CodeIgniter\CodeIgniter->run()
#12 {main}
ERROR - 2023-01-15 23:50:20 --> mysqli_sql_exception: Column 'firstName' cannot be null in /var/www/html/LoanProject/system/Database/MySQLi/Connection.php:292
Stack trace:
#0 /var/www/html/LoanProject/system/Database/MySQLi/Connection.php(292): mysqli->query()
#1 /var/www/html/LoanProject/system/Database/BaseConnection.php(666): CodeIgniter\Database\MySQLi\Connection->execute()
#2 /var/www/html/LoanProject/system/Database/BaseConnection.php(593): CodeIgniter\Database\BaseConnection->simpleQuery()
#3 /var/www/html/LoanProject/system/Database/BaseBuilder.php(1916): CodeIgniter\Database\BaseConnection->query()
#4 /var/www/html/LoanProject/system/Model.php(303): CodeIgniter\Database\BaseBuilder->insert()
#5 /var/www/html/LoanProject/system/BaseModel.php(750): CodeIgniter\Model->doInsert()
#6 /var/www/html/LoanProject/system/Model.php(695): CodeIgniter\BaseModel->insert()
#7 /var/www/html/LoanProject/app/Controllers/ApiController.php(36): CodeIgniter\Model->insert()
#8 /var/www/html/LoanProject/system/CodeIgniter.php(925): App\Controllers\ApiController->create()
#9 /var/www/html/LoanProject/system/CodeIgniter.php(480): CodeIgniter\CodeIgniter->runController()
#10 /var/www/html/LoanProject/system/CodeIgniter.php(349): CodeIgniter\CodeIgniter->handleRequest()
#11 /var/www/html/LoanProject/index.php(67): CodeIgniter\CodeIgniter->run()
#12 {main}
