ERROR - 2023-01-17 00:04:48 --> mysqli_sql_exception: Column 'firstName' cannot be null in /var/www/html/LoanProject/system/Database/MySQLi/Connection.php:292
Stack trace:
#0 /var/www/html/LoanProject/system/Database/MySQLi/Connection.php(292): mysqli->query()
#1 /var/www/html/LoanProject/system/Database/BaseConnection.php(666): CodeIgniter\Database\MySQLi\Connection->execute()
#2 /var/www/html/LoanProject/system/Database/BaseConnection.php(593): CodeIgniter\Database\BaseConnection->simpleQuery()
#3 /var/www/html/LoanProject/system/Database/BaseBuilder.php(1916): CodeIgniter\Database\BaseConnection->query()
#4 /var/www/html/LoanProject/system/Model.php(303): CodeIgniter\Database\BaseBuilder->insert()
#5 /var/www/html/LoanProject/system/BaseModel.php(750): CodeIgniter\Model->doInsert()
#6 /var/www/html/LoanProject/system/Model.php(695): CodeIgniter\BaseModel->insert()
#7 /var/www/html/LoanProject/app/Controllers/ApiController.php(36): CodeIgniter\Model->insert()
#8 /var/www/html/LoanProject/system/CodeIgniter.php(925): App\Controllers\ApiController->create()
#9 /var/www/html/LoanProject/system/CodeIgniter.php(480): CodeIgniter\CodeIgniter->runController()
#10 /var/www/html/LoanProject/system/CodeIgniter.php(349): CodeIgniter\CodeIgniter->handleRequest()
#11 /var/www/html/LoanProject/index.php(67): CodeIgniter\CodeIgniter->run()
#12 {main}
ERROR - 2023-01-17 00:04:48 --> mysqli_sql_exception: Duplicate entry 'sachin@gmail.com' for key 'users.email' in /var/www/html/LoanProject/system/Database/MySQLi/Connection.php:292
Stack trace:
#0 /var/www/html/LoanProject/system/Database/MySQLi/Connection.php(292): mysqli->query()
#1 /var/www/html/LoanProject/system/Database/BaseConnection.php(666): CodeIgniter\Database\MySQLi\Connection->execute()
#2 /var/www/html/LoanProject/system/Database/BaseConnection.php(593): CodeIgniter\Database\BaseConnection->simpleQuery()
#3 /var/www/html/LoanProject/system/Database/BaseBuilder.php(1916): CodeIgniter\Database\BaseConnection->query()
#4 /var/www/html/LoanProject/system/Model.php(303): CodeIgniter\Database\BaseBuilder->insert()
#5 /var/www/html/LoanProject/system/BaseModel.php(750): CodeIgniter\Model->doInsert()
#6 /var/www/html/LoanProject/system/Model.php(695): CodeIgniter\BaseModel->insert()
#7 /var/www/html/LoanProject/app/Controllers/ApiController.php(36): CodeIgniter\Model->insert()
#8 /var/www/html/LoanProject/system/CodeIgniter.php(925): App\Controllers\ApiController->create()
#9 /var/www/html/LoanProject/system/CodeIgniter.php(480): CodeIgniter\CodeIgniter->runController()
#10 /var/www/html/LoanProject/system/CodeIgniter.php(349): CodeIgniter\CodeIgniter->handleRequest()
#11 /var/www/html/LoanProject/index.php(67): CodeIgniter\CodeIgniter->run()
#12 {main}
CRITICAL - 2023-01-17 00:12:14 --> Too few arguments to function App\Controllers\ApiController::userdetail(), 0 passed in /var/www/html/LoanProject/system/CodeIgniter.php on line 925 and exactly 1 expected
in APPPATH/Controllers/ApiController.php on line 35.
 1 SYSTEMPATH/CodeIgniter.php(925): App\Controllers\ApiController->userdetail()
 2 SYSTEMPATH/CodeIgniter.php(480): CodeIgniter\CodeIgniter->runController()
 3 SYSTEMPATH/CodeIgniter.php(349): CodeIgniter\CodeIgniter->handleRequest()
 4 FCPATH/index.php(67): CodeIgniter\CodeIgniter->run()
CRITICAL - 2023-01-17 00:12:56 --> Too few arguments to function App\Controllers\ApiController::userdetail(), 0 passed in /var/www/html/LoanProject/system/CodeIgniter.php on line 925 and exactly 1 expected
in APPPATH/Controllers/ApiController.php on line 35.
 1 SYSTEMPATH/CodeIgniter.php(925): App\Controllers\ApiController->userdetail()
 2 SYSTEMPATH/CodeIgniter.php(480): CodeIgniter\CodeIgniter->runController()
 3 SYSTEMPATH/CodeIgniter.php(349): CodeIgniter\CodeIgniter->handleRequest()
 4 FCPATH/index.php(67): CodeIgniter\CodeIgniter->run()
CRITICAL - 2023-01-17 00:15:02 --> Too few arguments to function App\Controllers\ApiController::userdetail(), 0 passed in /var/www/html/LoanProject/system/CodeIgniter.php on line 925 and exactly 1 expected
in APPPATH/Controllers/ApiController.php on line 35.
 1 SYSTEMPATH/CodeIgniter.php(925): App\Controllers\ApiController->userdetail()
 2 SYSTEMPATH/CodeIgniter.php(480): CodeIgniter\CodeIgniter->runController()
 3 SYSTEMPATH/CodeIgniter.php(349): CodeIgniter\CodeIgniter->handleRequest()
 4 FCPATH/index.php(67): CodeIgniter\CodeIgniter->run()
ERROR - 2023-01-17 00:47:40 --> mysqli_sql_exception: Column 'firstName' cannot be null in /var/www/html/LoanProject/system/Database/MySQLi/Connection.php:292
Stack trace:
#0 /var/www/html/LoanProject/system/Database/MySQLi/Connection.php(292): mysqli->query()
#1 /var/www/html/LoanProject/system/Database/BaseConnection.php(666): CodeIgniter\Database\MySQLi\Connection->execute()
#2 /var/www/html/LoanProject/system/Database/BaseConnection.php(593): CodeIgniter\Database\BaseConnection->simpleQuery()
#3 /var/www/html/LoanProject/system/Database/BaseBuilder.php(1916): CodeIgniter\Database\BaseConnection->query()
#4 /var/www/html/LoanProject/system/Model.php(303): CodeIgniter\Database\BaseBuilder->insert()
#5 /var/www/html/LoanProject/system/BaseModel.php(750): CodeIgniter\Model->doInsert()
#6 /var/www/html/LoanProject/system/Model.php(695): CodeIgniter\BaseModel->insert()
#7 /var/www/html/LoanProject/app/Controllers/ApiController.php(60): CodeIgniter\Model->insert()
#8 /var/www/html/LoanProject/system/CodeIgniter.php(925): App\Controllers\ApiController->create()
#9 /var/www/html/LoanProject/system/CodeIgniter.php(480): CodeIgniter\CodeIgniter->runController()
#10 /var/www/html/LoanProject/system/CodeIgniter.php(349): CodeIgniter\CodeIgniter->handleRequest()
#11 /var/www/html/LoanProject/index.php(67): CodeIgniter\CodeIgniter->run()
#12 {main}
ERROR - 2023-01-17 00:47:40 --> mysqli_sql_exception: Duplicate entry 'sachin@gmail.com' for key 'users.email' in /var/www/html/LoanProject/system/Database/MySQLi/Connection.php:292
Stack trace:
#0 /var/www/html/LoanProject/system/Database/MySQLi/Connection.php(292): mysqli->query()
#1 /var/www/html/LoanProject/system/Database/BaseConnection.php(666): CodeIgniter\Database\MySQLi\Connection->execute()
#2 /var/www/html/LoanProject/system/Database/BaseConnection.php(593): CodeIgniter\Database\BaseConnection->simpleQuery()
#3 /var/www/html/LoanProject/system/Database/BaseBuilder.php(1916): CodeIgniter\Database\BaseConnection->query()
#4 /var/www/html/LoanProject/system/Model.php(303): CodeIgniter\Database\BaseBuilder->insert()
#5 /var/www/html/LoanProject/system/BaseModel.php(750): CodeIgniter\Model->doInsert()
#6 /var/www/html/LoanProject/system/Model.php(695): CodeIgniter\BaseModel->insert()
#7 /var/www/html/LoanProject/app/Controllers/ApiController.php(60): CodeIgniter\Model->insert()
#8 /var/www/html/LoanProject/system/CodeIgniter.php(925): App\Controllers\ApiController->create()
#9 /var/www/html/LoanProject/system/CodeIgniter.php(480): CodeIgniter\CodeIgniter->runController()
#10 /var/www/html/LoanProject/system/CodeIgniter.php(349): CodeIgniter\CodeIgniter->handleRequest()
#11 /var/www/html/LoanProject/index.php(67): CodeIgniter\CodeIgniter->run()
#12 {main}
ERROR - 2023-01-17 00:48:27 --> mysqli_sql_exception: Column 'firstName' cannot be null in /var/www/html/LoanProject/system/Database/MySQLi/Connection.php:292
Stack trace:
#0 /var/www/html/LoanProject/system/Database/MySQLi/Connection.php(292): mysqli->query()
#1 /var/www/html/LoanProject/system/Database/BaseConnection.php(666): CodeIgniter\Database\MySQLi\Connection->execute()
#2 /var/www/html/LoanProject/system/Database/BaseConnection.php(593): CodeIgniter\Database\BaseConnection->simpleQuery()
#3 /var/www/html/LoanProject/system/Database/BaseBuilder.php(1916): CodeIgniter\Database\BaseConnection->query()
#4 /var/www/html/LoanProject/system/Model.php(303): CodeIgniter\Database\BaseBuilder->insert()
#5 /var/www/html/LoanProject/system/BaseModel.php(750): CodeIgniter\Model->doInsert()
#6 /var/www/html/LoanProject/system/Model.php(695): CodeIgniter\BaseModel->insert()
#7 /var/www/html/LoanProject/app/Controllers/ApiController.php(60): CodeIgniter\Model->insert()
#8 /var/www/html/LoanProject/system/CodeIgniter.php(925): App\Controllers\ApiController->create()
#9 /var/www/html/LoanProject/system/CodeIgniter.php(480): CodeIgniter\CodeIgniter->runController()
#10 /var/www/html/LoanProject/system/CodeIgniter.php(349): CodeIgniter\CodeIgniter->handleRequest()
#11 /var/www/html/LoanProject/index.php(67): CodeIgniter\CodeIgniter->run()
#12 {main}
ERROR - 2023-01-17 00:48:27 --> mysqli_sql_exception: Duplicate entry 'sachin@gmail.com' for key 'users.email' in /var/www/html/LoanProject/system/Database/MySQLi/Connection.php:292
Stack trace:
#0 /var/www/html/LoanProject/system/Database/MySQLi/Connection.php(292): mysqli->query()
#1 /var/www/html/LoanProject/system/Database/BaseConnection.php(666): CodeIgniter\Database\MySQLi\Connection->execute()
#2 /var/www/html/LoanProject/system/Database/BaseConnection.php(593): CodeIgniter\Database\BaseConnection->simpleQuery()
#3 /var/www/html/LoanProject/system/Database/BaseBuilder.php(1916): CodeIgniter\Database\BaseConnection->query()
#4 /var/www/html/LoanProject/system/Model.php(303): CodeIgniter\Database\BaseBuilder->insert()
#5 /var/www/html/LoanProject/system/BaseModel.php(750): CodeIgniter\Model->doInsert()
#6 /var/www/html/LoanProject/system/Model.php(695): CodeIgniter\BaseModel->insert()
#7 /var/www/html/LoanProject/app/Controllers/ApiController.php(60): CodeIgniter\Model->insert()
#8 /var/www/html/LoanProject/system/CodeIgniter.php(925): App\Controllers\ApiController->create()
#9 /var/www/html/LoanProject/system/CodeIgniter.php(480): CodeIgniter\CodeIgniter->runController()
#10 /var/www/html/LoanProject/system/CodeIgniter.php(349): CodeIgniter\CodeIgniter->handleRequest()
#11 /var/www/html/LoanProject/index.php(67): CodeIgniter\CodeIgniter->run()
#12 {main}
ERROR - 2023-01-17 02:18:49 --> mysqli_sql_exception: Column 'firstName' cannot be null in /var/www/html/LoanProject/system/Database/MySQLi/Connection.php:292
Stack trace:
#0 /var/www/html/LoanProject/system/Database/MySQLi/Connection.php(292): mysqli->query()
#1 /var/www/html/LoanProject/system/Database/BaseConnection.php(666): CodeIgniter\Database\MySQLi\Connection->execute()
#2 /var/www/html/LoanProject/system/Database/BaseConnection.php(593): CodeIgniter\Database\BaseConnection->simpleQuery()
#3 /var/www/html/LoanProject/system/Database/BaseBuilder.php(1916): CodeIgniter\Database\BaseConnection->query()
#4 /var/www/html/LoanProject/system/Model.php(303): CodeIgniter\Database\BaseBuilder->insert()
#5 /var/www/html/LoanProject/system/BaseModel.php(750): CodeIgniter\Model->doInsert()
#6 /var/www/html/LoanProject/system/Model.php(695): CodeIgniter\BaseModel->insert()
#7 /var/www/html/LoanProject/app/Controllers/ApiController.php(60): CodeIgniter\Model->insert()
#8 /var/www/html/LoanProject/system/CodeIgniter.php(925): App\Controllers\ApiController->create()
#9 /var/www/html/LoanProject/system/CodeIgniter.php(480): CodeIgniter\CodeIgniter->runController()
#10 /var/www/html/LoanProject/system/CodeIgniter.php(349): CodeIgniter\CodeIgniter->handleRequest()
#11 /var/www/html/LoanProject/index.php(67): CodeIgniter\CodeIgniter->run()
#12 {main}
ERROR - 2023-01-17 02:18:49 --> mysqli_sql_exception: Duplicate entry 'sachin@gmail.com' for key 'users.email' in /var/www/html/LoanProject/system/Database/MySQLi/Connection.php:292
Stack trace:
#0 /var/www/html/LoanProject/system/Database/MySQLi/Connection.php(292): mysqli->query()
#1 /var/www/html/LoanProject/system/Database/BaseConnection.php(666): CodeIgniter\Database\MySQLi\Connection->execute()
#2 /var/www/html/LoanProject/system/Database/BaseConnection.php(593): CodeIgniter\Database\BaseConnection->simpleQuery()
#3 /var/www/html/LoanProject/system/Database/BaseBuilder.php(1916): CodeIgniter\Database\BaseConnection->query()
#4 /var/www/html/LoanProject/system/Model.php(303): CodeIgniter\Database\BaseBuilder->insert()
#5 /var/www/html/LoanProject/system/BaseModel.php(750): CodeIgniter\Model->doInsert()
#6 /var/www/html/LoanProject/system/Model.php(695): CodeIgniter\BaseModel->insert()
#7 /var/www/html/LoanProject/app/Controllers/ApiController.php(60): CodeIgniter\Model->insert()
#8 /var/www/html/LoanProject/system/CodeIgniter.php(925): App\Controllers\ApiController->create()
#9 /var/www/html/LoanProject/system/CodeIgniter.php(480): CodeIgniter\CodeIgniter->runController()
#10 /var/www/html/LoanProject/system/CodeIgniter.php(349): CodeIgniter\CodeIgniter->handleRequest()
#11 /var/www/html/LoanProject/index.php(67): CodeIgniter\CodeIgniter->run()
#12 {main}
ERROR - 2023-01-17 02:20:12 --> mysqli_sql_exception: Column 'firstName' cannot be null in /var/www/html/LoanProject/system/Database/MySQLi/Connection.php:292
Stack trace:
#0 /var/www/html/LoanProject/system/Database/MySQLi/Connection.php(292): mysqli->query()
#1 /var/www/html/LoanProject/system/Database/BaseConnection.php(666): CodeIgniter\Database\MySQLi\Connection->execute()
#2 /var/www/html/LoanProject/system/Database/BaseConnection.php(593): CodeIgniter\Database\BaseConnection->simpleQuery()
#3 /var/www/html/LoanProject/system/Database/BaseBuilder.php(1916): CodeIgniter\Database\BaseConnection->query()
#4 /var/www/html/LoanProject/system/Model.php(303): CodeIgniter\Database\BaseBuilder->insert()
#5 /var/www/html/LoanProject/system/BaseModel.php(750): CodeIgniter\Model->doInsert()
#6 /var/www/html/LoanProject/system/Model.php(695): CodeIgniter\BaseModel->insert()
#7 /var/www/html/LoanProject/app/Controllers/ApiController.php(60): CodeIgniter\Model->insert()
#8 /var/www/html/LoanProject/system/CodeIgniter.php(925): App\Controllers\ApiController->create()
#9 /var/www/html/LoanProject/system/CodeIgniter.php(480): CodeIgniter\CodeIgniter->runController()
#10 /var/www/html/LoanProject/system/CodeIgniter.php(349): CodeIgniter\CodeIgniter->handleRequest()
#11 /var/www/html/LoanProject/index.php(67): CodeIgniter\CodeIgniter->run()
#12 {main}
ERROR - 2023-01-17 02:20:13 --> mysqli_sql_exception: Duplicate entry 'sachin@gmail.com' for key 'users.email' in /var/www/html/LoanProject/system/Database/MySQLi/Connection.php:292
Stack trace:
#0 /var/www/html/LoanProject/system/Database/MySQLi/Connection.php(292): mysqli->query()
#1 /var/www/html/LoanProject/system/Database/BaseConnection.php(666): CodeIgniter\Database\MySQLi\Connection->execute()
#2 /var/www/html/LoanProject/system/Database/BaseConnection.php(593): CodeIgniter\Database\BaseConnection->simpleQuery()
#3 /var/www/html/LoanProject/system/Database/BaseBuilder.php(1916): CodeIgniter\Database\BaseConnection->query()
#4 /var/www/html/LoanProject/system/Model.php(303): CodeIgniter\Database\BaseBuilder->insert()
#5 /var/www/html/LoanProject/system/BaseModel.php(750): CodeIgniter\Model->doInsert()
#6 /var/www/html/LoanProject/system/Model.php(695): CodeIgniter\BaseModel->insert()
#7 /var/www/html/LoanProject/app/Controllers/ApiController.php(60): CodeIgniter\Model->insert()
#8 /var/www/html/LoanProject/system/CodeIgniter.php(925): App\Controllers\ApiController->create()
#9 /var/www/html/LoanProject/system/CodeIgniter.php(480): CodeIgniter\CodeIgniter->runController()
#10 /var/www/html/LoanProject/system/CodeIgniter.php(349): CodeIgniter\CodeIgniter->handleRequest()
#11 /var/www/html/LoanProject/index.php(67): CodeIgniter\CodeIgniter->run()
#12 {main}
ERROR - 2023-01-17 02:20:45 --> mysqli_sql_exception: Column 'firstName' cannot be null in /var/www/html/LoanProject/system/Database/MySQLi/Connection.php:292
Stack trace:
#0 /var/www/html/LoanProject/system/Database/MySQLi/Connection.php(292): mysqli->query()
#1 /var/www/html/LoanProject/system/Database/BaseConnection.php(666): CodeIgniter\Database\MySQLi\Connection->execute()
#2 /var/www/html/LoanProject/system/Database/BaseConnection.php(593): CodeIgniter\Database\BaseConnection->simpleQuery()
#3 /var/www/html/LoanProject/system/Database/BaseBuilder.php(1916): CodeIgniter\Database\BaseConnection->query()
#4 /var/www/html/LoanProject/system/Model.php(303): CodeIgniter\Database\BaseBuilder->insert()
#5 /var/www/html/LoanProject/system/BaseModel.php(750): CodeIgniter\Model->doInsert()
#6 /var/www/html/LoanProject/system/Model.php(695): CodeIgniter\BaseModel->insert()
#7 /var/www/html/LoanProject/app/Controllers/ApiController.php(60): CodeIgniter\Model->insert()
#8 /var/www/html/LoanProject/system/CodeIgniter.php(925): App\Controllers\ApiController->create()
#9 /var/www/html/LoanProject/system/CodeIgniter.php(480): CodeIgniter\CodeIgniter->runController()
#10 /var/www/html/LoanProject/system/CodeIgniter.php(349): CodeIgniter\CodeIgniter->handleRequest()
#11 /var/www/html/LoanProject/index.php(67): CodeIgniter\CodeIgniter->run()
#12 {main}
ERROR - 2023-01-17 02:20:45 --> mysqli_sql_exception: Duplicate entry 'sachin@gmail.com' for key 'users.email' in /var/www/html/LoanProject/system/Database/MySQLi/Connection.php:292
Stack trace:
#0 /var/www/html/LoanProject/system/Database/MySQLi/Connection.php(292): mysqli->query()
#1 /var/www/html/LoanProject/system/Database/BaseConnection.php(666): CodeIgniter\Database\MySQLi\Connection->execute()
#2 /var/www/html/LoanProject/system/Database/BaseConnection.php(593): CodeIgniter\Database\BaseConnection->simpleQuery()
#3 /var/www/html/LoanProject/system/Database/BaseBuilder.php(1916): CodeIgniter\Database\BaseConnection->query()
#4 /var/www/html/LoanProject/system/Model.php(303): CodeIgniter\Database\BaseBuilder->insert()
#5 /var/www/html/LoanProject/system/BaseModel.php(750): CodeIgniter\Model->doInsert()
#6 /var/www/html/LoanProject/system/Model.php(695): CodeIgniter\BaseModel->insert()
#7 /var/www/html/LoanProject/app/Controllers/ApiController.php(60): CodeIgniter\Model->insert()
#8 /var/www/html/LoanProject/system/CodeIgniter.php(925): App\Controllers\ApiController->create()
#9 /var/www/html/LoanProject/system/CodeIgniter.php(480): CodeIgniter\CodeIgniter->runController()
#10 /var/www/html/LoanProject/system/CodeIgniter.php(349): CodeIgniter\CodeIgniter->handleRequest()
#11 /var/www/html/LoanProject/index.php(67): CodeIgniter\CodeIgniter->run()
#12 {main}
ERROR - 2023-01-17 02:21:38 --> mysqli_sql_exception: Column 'firstName' cannot be null in /var/www/html/LoanProject/system/Database/MySQLi/Connection.php:292
Stack trace:
#0 /var/www/html/LoanProject/system/Database/MySQLi/Connection.php(292): mysqli->query()
#1 /var/www/html/LoanProject/system/Database/BaseConnection.php(666): CodeIgniter\Database\MySQLi\Connection->execute()
#2 /var/www/html/LoanProject/system/Database/BaseConnection.php(593): CodeIgniter\Database\BaseConnection->simpleQuery()
#3 /var/www/html/LoanProject/system/Database/BaseBuilder.php(1916): CodeIgniter\Database\BaseConnection->query()
#4 /var/www/html/LoanProject/system/Model.php(303): CodeIgniter\Database\BaseBuilder->insert()
#5 /var/www/html/LoanProject/system/BaseModel.php(750): CodeIgniter\Model->doInsert()
#6 /var/www/html/LoanProject/system/Model.php(695): CodeIgniter\BaseModel->insert()
#7 /var/www/html/LoanProject/app/Controllers/ApiController.php(60): CodeIgniter\Model->insert()
#8 /var/www/html/LoanProject/system/CodeIgniter.php(925): App\Controllers\ApiController->create()
#9 /var/www/html/LoanProject/system/CodeIgniter.php(480): CodeIgniter\CodeIgniter->runController()
#10 /var/www/html/LoanProject/system/CodeIgniter.php(349): CodeIgniter\CodeIgniter->handleRequest()
#11 /var/www/html/LoanProject/index.php(67): CodeIgniter\CodeIgniter->run()
#12 {main}
ERROR - 2023-01-17 02:21:38 --> mysqli_sql_exception: Duplicate entry 'sachin@gmail.com' for key 'users.email' in /var/www/html/LoanProject/system/Database/MySQLi/Connection.php:292
Stack trace:
#0 /var/www/html/LoanProject/system/Database/MySQLi/Connection.php(292): mysqli->query()
#1 /var/www/html/LoanProject/system/Database/BaseConnection.php(666): CodeIgniter\Database\MySQLi\Connection->execute()
#2 /var/www/html/LoanProject/system/Database/BaseConnection.php(593): CodeIgniter\Database\BaseConnection->simpleQuery()
#3 /var/www/html/LoanProject/system/Database/BaseBuilder.php(1916): CodeIgniter\Database\BaseConnection->query()
#4 /var/www/html/LoanProject/system/Model.php(303): CodeIgniter\Database\BaseBuilder->insert()
#5 /var/www/html/LoanProject/system/BaseModel.php(750): CodeIgniter\Model->doInsert()
#6 /var/www/html/LoanProject/system/Model.php(695): CodeIgniter\BaseModel->insert()
#7 /var/www/html/LoanProject/app/Controllers/ApiController.php(60): CodeIgniter\Model->insert()
#8 /var/www/html/LoanProject/system/CodeIgniter.php(925): App\Controllers\ApiController->create()
#9 /var/www/html/LoanProject/system/CodeIgniter.php(480): CodeIgniter\CodeIgniter->runController()
#10 /var/www/html/LoanProject/system/CodeIgniter.php(349): CodeIgniter\CodeIgniter->handleRequest()
#11 /var/www/html/LoanProject/index.php(67): CodeIgniter\CodeIgniter->run()
#12 {main}
ERROR - 2023-01-17 03:21:53 --> mysqli_sql_exception: Column 'firstName' cannot be null in /var/www/html/LoanProject/system/Database/MySQLi/Connection.php:292
Stack trace:
#0 /var/www/html/LoanProject/system/Database/MySQLi/Connection.php(292): mysqli->query()
#1 /var/www/html/LoanProject/system/Database/BaseConnection.php(666): CodeIgniter\Database\MySQLi\Connection->execute()
#2 /var/www/html/LoanProject/system/Database/BaseConnection.php(593): CodeIgniter\Database\BaseConnection->simpleQuery()
#3 /var/www/html/LoanProject/system/Database/BaseBuilder.php(1916): CodeIgniter\Database\BaseConnection->query()
#4 /var/www/html/LoanProject/system/Model.php(303): CodeIgniter\Database\BaseBuilder->insert()
#5 /var/www/html/LoanProject/system/BaseModel.php(750): CodeIgniter\Model->doInsert()
#6 /var/www/html/LoanProject/system/Model.php(695): CodeIgniter\BaseModel->insert()
#7 /var/www/html/LoanProject/app/Controllers/ApiController.php(60): CodeIgniter\Model->insert()
#8 /var/www/html/LoanProject/system/CodeIgniter.php(925): App\Controllers\ApiController->create()
#9 /var/www/html/LoanProject/system/CodeIgniter.php(480): CodeIgniter\CodeIgniter->runController()
#10 /var/www/html/LoanProject/system/CodeIgniter.php(349): CodeIgniter\CodeIgniter->handleRequest()
#11 /var/www/html/LoanProject/index.php(67): CodeIgniter\CodeIgniter->run()
#12 {main}
ERROR - 2023-01-17 03:21:53 --> mysqli_sql_exception: Duplicate entry 'sachin@gmail.com' for key 'users.email' in /var/www/html/LoanProject/system/Database/MySQLi/Connection.php:292
Stack trace:
#0 /var/www/html/LoanProject/system/Database/MySQLi/Connection.php(292): mysqli->query()
#1 /var/www/html/LoanProject/system/Database/BaseConnection.php(666): CodeIgniter\Database\MySQLi\Connection->execute()
#2 /var/www/html/LoanProject/system/Database/BaseConnection.php(593): CodeIgniter\Database\BaseConnection->simpleQuery()
#3 /var/www/html/LoanProject/system/Database/BaseBuilder.php(1916): CodeIgniter\Database\BaseConnection->query()
#4 /var/www/html/LoanProject/system/Model.php(303): CodeIgniter\Database\BaseBuilder->insert()
#5 /var/www/html/LoanProject/system/BaseModel.php(750): CodeIgniter\Model->doInsert()
#6 /var/www/html/LoanProject/system/Model.php(695): CodeIgniter\BaseModel->insert()
#7 /var/www/html/LoanProject/app/Controllers/ApiController.php(60): CodeIgniter\Model->insert()
#8 /var/www/html/LoanProject/system/CodeIgniter.php(925): App\Controllers\ApiController->create()
#9 /var/www/html/LoanProject/system/CodeIgniter.php(480): CodeIgniter\CodeIgniter->runController()
#10 /var/www/html/LoanProject/system/CodeIgniter.php(349): CodeIgniter\CodeIgniter->handleRequest()
#11 /var/www/html/LoanProject/index.php(67): CodeIgniter\CodeIgniter->run()
#12 {main}
ERROR - 2023-01-17 03:47:19 --> mysqli_sql_exception: Column 'firstName' cannot be null in /var/www/html/LoanProject/system/Database/MySQLi/Connection.php:292
Stack trace:
#0 /var/www/html/LoanProject/system/Database/MySQLi/Connection.php(292): mysqli->query()
#1 /var/www/html/LoanProject/system/Database/BaseConnection.php(666): CodeIgniter\Database\MySQLi\Connection->execute()
#2 /var/www/html/LoanProject/system/Database/BaseConnection.php(593): CodeIgniter\Database\BaseConnection->simpleQuery()
#3 /var/www/html/LoanProject/system/Database/BaseBuilder.php(1916): CodeIgniter\Database\BaseConnection->query()
#4 /var/www/html/LoanProject/system/Model.php(303): CodeIgniter\Database\BaseBuilder->insert()
#5 /var/www/html/LoanProject/system/BaseModel.php(750): CodeIgniter\Model->doInsert()
#6 /var/www/html/LoanProject/system/Model.php(695): CodeIgniter\BaseModel->insert()
#7 /var/www/html/LoanProject/app/Controllers/ApiController.php(60): CodeIgniter\Model->insert()
#8 /var/www/html/LoanProject/system/CodeIgniter.php(925): App\Controllers\ApiController->create()
#9 /var/www/html/LoanProject/system/CodeIgniter.php(480): CodeIgniter\CodeIgniter->runController()
#10 /var/www/html/LoanProject/system/CodeIgniter.php(349): CodeIgniter\CodeIgniter->handleRequest()
#11 /var/www/html/LoanProject/index.php(67): CodeIgniter\CodeIgniter->run()
#12 {main}
ERROR - 2023-01-17 04:25:28 --> mysqli_sql_exception: Column 'firstName' cannot be null in /var/www/html/LoanProject/system/Database/MySQLi/Connection.php:292
Stack trace:
#0 /var/www/html/LoanProject/system/Database/MySQLi/Connection.php(292): mysqli->query()
#1 /var/www/html/LoanProject/system/Database/BaseConnection.php(666): CodeIgniter\Database\MySQLi\Connection->execute()
#2 /var/www/html/LoanProject/system/Database/BaseConnection.php(593): CodeIgniter\Database\BaseConnection->simpleQuery()
#3 /var/www/html/LoanProject/system/Database/BaseBuilder.php(1916): CodeIgniter\Database\BaseConnection->query()
#4 /var/www/html/LoanProject/system/Model.php(303): CodeIgniter\Database\BaseBuilder->insert()
#5 /var/www/html/LoanProject/system/BaseModel.php(750): CodeIgniter\Model->doInsert()
#6 /var/www/html/LoanProject/system/Model.php(695): CodeIgniter\BaseModel->insert()
#7 /var/www/html/LoanProject/app/Controllers/ApiController.php(60): CodeIgniter\Model->insert()
#8 /var/www/html/LoanProject/system/CodeIgniter.php(925): App\Controllers\ApiController->create()
#9 /var/www/html/LoanProject/system/CodeIgniter.php(480): CodeIgniter\CodeIgniter->runController()
#10 /var/www/html/LoanProject/system/CodeIgniter.php(349): CodeIgniter\CodeIgniter->handleRequest()
#11 /var/www/html/LoanProject/index.php(67): CodeIgniter\CodeIgniter->run()
#12 {main}
ERROR - 2023-01-17 04:29:25 --> mysqli_sql_exception: Column 'firstName' cannot be null in /var/www/html/LoanProject/system/Database/MySQLi/Connection.php:292
Stack trace:
#0 /var/www/html/LoanProject/system/Database/MySQLi/Connection.php(292): mysqli->query()
#1 /var/www/html/LoanProject/system/Database/BaseConnection.php(666): CodeIgniter\Database\MySQLi\Connection->execute()
#2 /var/www/html/LoanProject/system/Database/BaseConnection.php(593): CodeIgniter\Database\BaseConnection->simpleQuery()
#3 /var/www/html/LoanProject/system/Database/BaseBuilder.php(1916): CodeIgniter\Database\BaseConnection->query()
#4 /var/www/html/LoanProject/system/Model.php(303): CodeIgniter\Database\BaseBuilder->insert()
#5 /var/www/html/LoanProject/system/BaseModel.php(750): CodeIgniter\Model->doInsert()
#6 /var/www/html/LoanProject/system/Model.php(695): CodeIgniter\BaseModel->insert()
#7 /var/www/html/LoanProject/app/Controllers/ApiController.php(60): CodeIgniter\Model->insert()
#8 /var/www/html/LoanProject/system/CodeIgniter.php(925): App\Controllers\ApiController->create()
#9 /var/www/html/LoanProject/system/CodeIgniter.php(480): CodeIgniter\CodeIgniter->runController()
#10 /var/www/html/LoanProject/system/CodeIgniter.php(349): CodeIgniter\CodeIgniter->handleRequest()
#11 /var/www/html/LoanProject/index.php(67): CodeIgniter\CodeIgniter->run()
#12 {main}
ERROR - 2023-01-17 04:29:25 --> mysqli_sql_exception: Column 'firstName' cannot be null in /var/www/html/LoanProject/system/Database/MySQLi/Connection.php:292
Stack trace:
#0 /var/www/html/LoanProject/system/Database/MySQLi/Connection.php(292): mysqli->query()
#1 /var/www/html/LoanProject/system/Database/BaseConnection.php(666): CodeIgniter\Database\MySQLi\Connection->execute()
#2 /var/www/html/LoanProject/system/Database/BaseConnection.php(593): CodeIgniter\Database\BaseConnection->simpleQuery()
#3 /var/www/html/LoanProject/system/Database/BaseBuilder.php(1916): CodeIgniter\Database\BaseConnection->query()
#4 /var/www/html/LoanProject/system/Model.php(303): CodeIgniter\Database\BaseBuilder->insert()
#5 /var/www/html/LoanProject/system/BaseModel.php(750): CodeIgniter\Model->doInsert()
#6 /var/www/html/LoanProject/system/Model.php(695): CodeIgniter\BaseModel->insert()
#7 /var/www/html/LoanProject/app/Controllers/ApiController.php(60): CodeIgniter\Model->insert()
#8 /var/www/html/LoanProject/system/CodeIgniter.php(925): App\Controllers\ApiController->create()
#9 /var/www/html/LoanProject/system/CodeIgniter.php(480): CodeIgniter\CodeIgniter->runController()
#10 /var/www/html/LoanProject/system/CodeIgniter.php(349): CodeIgniter\CodeIgniter->handleRequest()
#11 /var/www/html/LoanProject/index.php(67): CodeIgniter\CodeIgniter->run()
#12 {main}
